<?xml version="1.0" encoding="UTF-8"?>
<!-- Generated by org.testng.reporters.JUnitXMLReporter -->
<testsuite ignored="0" hostname="DESKTOP-QTN8FV9" failures="0" tests="3" name="Surefire test" time="24.849" errors="0" timestamp="19 Jun 2019 19:22:38 GMT">
  <testcase classname="com.inetbanking.qa.TestCases.LoginPageTest" name="IsLogoPresentTest" time="0.087"/>
  <testcase classname="com.inetbanking.qa.TestCases.LoginPageTest" name="IsSelLinkPresentTest" time="0.145"/>
  <testcase classname="com.inetbanking.qa.TestCases.LoginPageTest" name="LoginTest" time="2.139"/>
</testsuite> <!-- Surefire test -->
