<?xml version="1.0" encoding="UTF-8"?>
<testsuite name="com.inetbanking.qa.TestCases.LoginPageTest" time="2.398" tests="3" errors="0" skipped="0" failures="0">
  <properties>
[...]
</properties>
  <testcase name="IsLogoPresentTest" classname="com.inetbanking.qa.TestCases.LoginPageTest" time="0.106"/>
  <testcase name="IsSelLinkPresentTest" classname="com.inetbanking.qa.TestCases.LoginPageTest" time="0.143"/>
  <testcase name="LoginTest" classname="com.inetbanking.qa.TestCases.LoginPageTest" time="2.149"/>
</testsuite>