<?xml version="1.0" encoding="UTF-8"?>
<testng-results ignored="0" total="3" passed="3" failed="0" skipped="0">
  <reporter-output>
  </reporter-output>
  <suite started-at="2019-06-19T04:59:05Z" name="Suite" finished-at="2019-06-19T04:59:34Z" duration-ms="29077">
    <groups>
    </groups>
    <test started-at="2019-06-19T04:59:05Z" name="Banking Test" finished-at="2019-06-19T04:59:34Z" duration-ms="29077">
      <class name="com.inetbanking.qa.TestCases.LoginPageTest">
        <test-method is-config="true" signature="setUp()[pri:0, instance:com.inetbanking.qa.TestCases.LoginPageTest@76ed1b7c]" started-at="2019-06-19T04:59:05Z" name="setUp" finished-at="2019-06-19T04:59:24Z" duration-ms="18864" status="PASS">
          <reporter-output>
          </reporter-output>
        </test-method> <!-- setUp -->
        <test-method signature="IsLogoPresentTest()[pri:1, instance:com.inetbanking.qa.TestCases.LoginPageTest@76ed1b7c]" started-at="2019-06-19T04:59:24Z" name="IsLogoPresentTest" finished-at="2019-06-19T04:59:25Z" duration-ms="293" status="PASS">
          <reporter-output>
          </reporter-output>
        </test-method> <!-- IsLogoPresentTest -->
        <test-method signature="IsSelLinkPresentTest()[pri:2, instance:com.inetbanking.qa.TestCases.LoginPageTest@76ed1b7c]" started-at="2019-06-19T04:59:25Z" name="IsSelLinkPresentTest" finished-at="2019-06-19T04:59:25Z" duration-ms="827" status="PASS">
          <reporter-output>
          </reporter-output>
        </test-method> <!-- IsSelLinkPresentTest -->
        <test-method signature="LoginTest()[pri:3, instance:com.inetbanking.qa.TestCases.LoginPageTest@76ed1b7c]" started-at="2019-06-19T04:59:25Z" name="LoginTest" finished-at="2019-06-19T04:59:32Z" duration-ms="6376" status="PASS">
          <reporter-output>
          </reporter-output>
        </test-method> <!-- LoginTest -->
        <test-method is-config="true" signature="tearDown()[pri:0, instance:com.inetbanking.qa.TestCases.LoginPageTest@76ed1b7c]" started-at="2019-06-19T04:59:32Z" name="tearDown" finished-at="2019-06-19T04:59:34Z" duration-ms="2329" status="PASS">
          <reporter-output>
          </reporter-output>
        </test-method> <!-- tearDown -->
      </class> <!-- com.inetbanking.qa.TestCases.LoginPageTest -->
    </test> <!-- Banking Test -->
  </suite> <!-- Suite -->
</testng-results>
